#
# There is insufficient memory for the Java Runtime Environment to continue.
# Native memory allocation (mmap) failed to map 59768832 bytes for committing reserved memory.
# Possible reasons:
#   The system is out of physical RAM or swap space
#   In 32 bit mode, the process size limit was hit
# Possible solutions:
#   Reduce memory load on the system
#   Increase physical memory or swap space
#   Check if swap backing store is full
#   Use 64 bit Java on a 64 bit OS
#   Decrease Java heap size (-Xmx/-Xms)
#   Decrease number of Java threads
#   Decrease Java thread stack sizes (-Xss)
#   Set larger code cache with -XX:ReservedCodeCacheSize=
# This output file may be truncated or incomplete.
#
#  Out of Memory Error (os_linux.cpp:2627), pid=32758, tid=0x00007f1bb094c700
#
# JRE version: OpenJDK Runtime Environment (8.0_76-b03) (build 1.8.0_76-release-b03)
# Java VM: OpenJDK 64-Bit Server VM (25.76-b03 mixed mode linux-amd64 compressed oops)
# Failed to write core dump. Core dumps have been disabled. To enable core dumping, try "ulimit -c unlimited" before starting Java again
#

---------------  T H R E A D  ---------------

Current thread (0x00007f1bc8077800):  VMThread [stack: 0x00007f1bb084c000,0x00007f1bb094d000] [id=304]

Stack: [0x00007f1bb084c000,0x00007f1bb094d000],  sp=0x00007f1bb094b4d0,  free space=1021k
Native frames: (J=compiled Java code, j=interpreted, Vv=VM code, C=native code)
V  [libjvm.so+0x9d9fcd]  VMError::report_and_die()+0x15d
V  [libjvm.so+0x4b4d4a]  report_vm_out_of_memory(char const*, int, unsigned long, VMErrorType, char const*)+0x8a
V  [libjvm.so+0x845190]  os::pd_commit_memory(char*, unsigned long, unsigned long, bool)+0xf0
V  [libjvm.so+0x83fcbf]  os::commit_memory(char*, unsigned long, unsigned long, bool)+0x1f
V  [libjvm.so+0x8b4d9b]  PSVirtualSpace::expand_by(unsigned long)+0x5b
V  [libjvm.so+0x8a5b7b]  PSOldGen::expand_by(unsigned long) [clone .part.109]+0x1b
V  [libjvm.so+0x8a5d3b]  PSOldGen::expand(unsigned long) [clone .part.111]+0xdb
V  [libjvm.so+0x8a6618]  PSOldGen::resize(unsigned long)+0x188
V  [libjvm.so+0x8abc2c]  PSParallelCompact::invoke_no_policy(bool)+0x97c
V  [libjvm.so+0x8b2d3d]  PSScavenge::invoke()+0x17d
V  [libjvm.so+0x8681f3]  ParallelScavengeHeap::failed_mem_allocate(unsigned long)+0x63
V  [libjvm.so+0x9dba94]  VM_ParallelGCFailedAllocation::doit()+0x84
V  [libjvm.so+0x9dfe47]  VM_Operation::evaluate()+0x47
V  [libjvm.so+0x9de908]  VMThread::evaluate_operation(VM_Operation*)+0x2c8
V  [libjvm.so+0x9ded89]  VMThread::loop()+0x219
V  [libjvm.so+0x9df1d2]  VMThread::run()+0x72
V  [libjvm.so+0x8425b2]  java_start(Thread*)+0xf2

VM_Operation (0x00007f1b8baf8b40): ParallelGCFailedAllocation, mode: safepoint, requested by thread 0x00007f1bc8144800


---------------  P R O C E S S  ---------------

Java Threads: ( => current thread )
  0x00007f1bc8146800 JavaThread "pool-1-thread-4" [_thread_blocked, id=357, stack(0x00007f1b8b8f9000,0x00007f1b8b9fa000)]
  0x00007f1bc8144800 JavaThread "pool-1-thread-3" [_thread_blocked, id=355, stack(0x00007f1b8b9fa000,0x00007f1b8bafb000)]
  0x00007f1bc8143000 JavaThread "pool-1-thread-2" [_thread_blocked, id=354, stack(0x00007f1b8bafb000,0x00007f1b8bbfc000)]
  0x00007f1bc813e800 JavaThread "pool-2-thread-1" [_thread_blocked, id=351, stack(0x00007f1b8bbfc000,0x00007f1b8bcfd000)]
  0x00007f1bc813c800 JavaThread "pool-1-thread-1" [_thread_blocked, id=350, stack(0x00007f1b8bcfd000,0x00007f1b8bdfe000)]
  0x00007f1bc80cd800 JavaThread "Service Thread" daemon [_thread_blocked, id=321, stack(0x00007f1b8beff000,0x00007f1b8c000000)]
  0x00007f1bc80c0800 JavaThread "C1 CompilerThread2" daemon [_thread_blocked, id=319, stack(0x00007f1bb00c8000,0x00007f1bb01c9000)]
  0x00007f1bc80be800 JavaThread "C2 CompilerThread1" daemon [_thread_blocked, id=317, stack(0x00007f1bb01c9000,0x00007f1bb02ca000)]
  0x00007f1bc80bc000 JavaThread "C2 CompilerThread0" daemon [_thread_blocked, id=316, stack(0x00007f1bb02ca000,0x00007f1bb03cb000)]
  0x00007f1bc80ba800 JavaThread "Signal Dispatcher" daemon [_thread_blocked, id=315, stack(0x00007f1bb03cb000,0x00007f1bb04cc000)]
  0x00007f1bc8084000 JavaThread "Finalizer" daemon [_thread_blocked, id=311, stack(0x00007f1bb064a000,0x00007f1bb074b000)]
  0x00007f1bc807f000 JavaThread "Reference Handler" daemon [_thread_blocked, id=308, stack(0x00007f1bb074b000,0x00007f1bb084c000)]
  0x00007f1bc800a000 JavaThread "main" [_thread_blocked, id=32760, stack(0x00007f1bcedea000,0x00007f1bceeeb000)]

Other Threads:
=>0x00007f1bc8077800 VMThread [stack: 0x00007f1bb084c000,0x00007f1bb094d000] [id=304]
  0x00007f1bc80d0000 WatcherThread [stack: 0x00007f1b8bdfe000,0x00007f1b8beff000] [id=322]

VM state:at safepoint (normal execution)

VM Mutex/Monitor currently owned by a thread:  ([mutex/lock_event])
[0x00007f1bc8006090] ExpandHeap_lock - owner thread: 0x00007f1bc8077800
[0x00007f1bc8006710] Threads_lock - owner thread: 0x00007f1bc8077800
[0x00007f1bc8006c10] Heap_lock - owner thread: 0x00007f1bc8144800

Heap:
 PSYoungGen      total 218624K, used 15826K [0x00000000eab00000, 0x00000000fc180000, 0x0000000100000000)
  eden space 187904K, 0% used [0x00000000eab00000,0x00000000eab00000,0x00000000f6280000)
  from space 30720K, 51% used [0x00000000f6280000,0x00000000f71f49b0,0x00000000f8080000)
  to   space 42496K, 0% used [0x00000000f9800000,0x00000000f9800000,0x00000000fc180000)
 ParOldGen       total 81920K, used 81678K [0x00000000c0000000, 0x00000000c5000000, 0x00000000eab00000)
  object space 81920K, 99% used [0x00000000c0000000,0x00000000c4fc38e8,0x00000000c5000000)
 Metaspace       used 6316K, capacity 7216K, committed 7296K, reserved 1056768K
  class space    used 584K, capacity 616K, committed 640K, reserved 1048576K

Card table byte_map: [0x00007f1bb8a3f000,0x00007f1bb8c40000] byte_map_base: 0x00007f1bb843f000

Marking Bits: (ParMarkBitMap*) 0x00007f1bce2ee1a0
 Begin Bits: [0x00007f1bb2000000, 0x00007f1bb3000000)
 End Bits:   [0x00007f1bb3000000, 0x00007f1bb4000000)

Polling page: 0x00007f1bcef14000

CodeCache: size=245760Kb used=8255Kb max_used=8255Kb free=237504Kb
 bounds [0x00007f1bb9000000, 0x00007f1bb9820000, 0x00007f1bc8000000]
 total_blobs=2379 nmethods=2111 adapters=182
 compilation: enabled

Compilation events (10 events):
Event: 23.422 Thread 0x00007f1bc80c0800 2468       1       com.android.dx.rop.cst.CstLong::getType (4 bytes)
Event: 23.423 Thread 0x00007f1bc80c0800 nmethod 2468 0x00007f1bb9813490 code [0x00007f1bb98135e0, 0x00007f1bb98136f0]
Event: 23.457 Thread 0x00007f1bc80c0800 2469       2       com.android.dx.dex.cf.CfTranslator::coerceConstant (144 bytes)
Event: 23.459 Thread 0x00007f1bc80c0800 nmethod 2469 0x00007f1bb9813750 code [0x00007f1bb98139a0, 0x00007f1bb98140a8]
Event: 23.459 Thread 0x00007f1bc80c0800 2470       2       com.android.dx.util.ByteArray::getLong (104 bytes)
Event: 23.460 Thread 0x00007f1bc80c0800 nmethod 2470 0x00007f1bb9814690 code [0x00007f1bb9814800, 0x00007f1bb9814b28]
Event: 23.499 Thread 0x00007f1bc80c0800 2471       2       com.android.dx.ssa.ConstCollector$1::compare (13 bytes)
Event: 23.500 Thread 0x00007f1bc80c0800 nmethod 2471 0x00007f1bb9814dd0 code [0x00007f1bb9814f40, 0x00007f1bb9815108]
Event: 23.500 Thread 0x00007f1bc80c0800 2472       2       com.android.dx.ssa.ConstCollector$1::compare (42 bytes)
Event: 23.501 Thread 0x00007f1bc80c0800 nmethod 2472 0x00007f1bb98151d0 code [0x00007f1bb98153a0, 0x00007f1bb9815738]

GC Heap History (10 events):
Event: 10.327 GC heap after
Heap after GC invocations=8 (full 0):
 PSYoungGen      total 136192K, used 13813K [0x00000000eab00000, 0x00000000f4800000, 0x0000000100000000)
  eden space 122368K, 0% used [0x00000000eab00000,0x00000000eab00000,0x00000000f2280000)
  from space 13824K, 99% used [0x00000000f3380000,0x00000000f40fd400,0x00000000f4100000)
  to   space 17408K, 0% used [0x00000000f2280000,0x00000000f2280000,0x00000000f3380000)
 ParOldGen       total 42496K, used 27639K [0x00000000c0000000, 0x00000000c2980000, 0x00000000eab00000)
  object space 42496K, 65% used [0x00000000c0000000,0x00000000c1afdc28,0x00000000c2980000)
 Metaspace       used 6113K, capacity 7088K, committed 7296K, reserved 1056768K
  class space    used 584K, capacity 616K, committed 640K, reserved 1048576K
}
Event: 13.070 GC heap before
{Heap before GC invocations=9 (full 0):
 PSYoungGen      total 136192K, used 136181K [0x00000000eab00000, 0x00000000f4800000, 0x0000000100000000)
  eden space 122368K, 100% used [0x00000000eab00000,0x00000000f2280000,0x00000000f2280000)
  from space 13824K, 99% used [0x00000000f3380000,0x00000000f40fd400,0x00000000f4100000)
  to   space 17408K, 0% used [0x00000000f2280000,0x00000000f2280000,0x00000000f3380000)
 ParOldGen       total 42496K, used 27639K [0x00000000c0000000, 0x00000000c2980000, 0x00000000eab00000)
  object space 42496K, 65% used [0x00000000c0000000,0x00000000c1afdc28,0x00000000c2980000)
 Metaspace       used 6254K, capacity 7216K, committed 7296K, reserved 1056768K
  class space    used 584K, capacity 616K, committed 640K, reserved 1048576K
Event: 13.369 GC heap after
Heap after GC invocations=9 (full 0):
 PSYoungGen      total 139776K, used 17389K [0x00000000eab00000, 0x00000000f9e80000, 0x0000000100000000)
  eden space 122368K, 0% used [0x00000000eab00000,0x00000000eab00000,0x00000000f2280000)
  from space 17408K, 99% used [0x00000000f2280000,0x00000000f337b5f0,0x00000000f3380000)
  to   space 26624K, 0% used [0x00000000f8480000,0x00000000f8480000,0x00000000f9e80000)
 ParOldGen       total 44032K, used 43987K [0x00000000c0000000, 0x00000000c2b00000, 0x00000000eab00000)
  object space 44032K, 99% used [0x00000000c0000000,0x00000000c2af4e28,0x00000000c2b00000)
 Metaspace       used 6254K, capacity 7216K, committed 7296K, reserved 1056768K
  class space    used 584K, capacity 616K, committed 640K, reserved 1048576K
}
Event: 13.369 GC heap before
{Heap before GC invocations=10 (full 1):
 PSYoungGen      total 139776K, used 17389K [0x00000000eab00000, 0x00000000f9e80000, 0x0000000100000000)
  eden space 122368K, 0% used [0x00000000eab00000,0x00000000eab00000,0x00000000f2280000)
  from space 17408K, 99% used [0x00000000f2280000,0x00000000f337b5f0,0x00000000f3380000)
  to   space 26624K, 0% used [0x00000000f8480000,0x00000000f8480000,0x00000000f9e80000)
 ParOldGen       total 44032K, used 43987K [0x00000000c0000000, 0x00000000c2b00000, 0x00000000eab00000)
  object space 44032K, 99% used [0x00000000c0000000,0x00000000c2af4e28,0x00000000c2b00000)
 Metaspace       used 6254K, capacity 7216K, committed 7296K, reserved 1056768K
  class space    used 584K, capacity 616K, committed 640K, reserved 1048576K
Event: 16.196 GC heap after
Heap after GC invocations=10 (full 1):
 PSYoungGen      total 139776K, used 13274K [0x00000000eab00000, 0x00000000f9e80000, 0x0000000100000000)
  eden space 122368K, 0% used [0x00000000eab00000,0x00000000eab00000,0x00000000f2280000)
  from space 17408K, 76% used [0x00000000f2280000,0x00000000f2f76830,0x00000000f3380000)
  to   space 26624K, 0% used [0x00000000f8480000,0x00000000f8480000,0x00000000f9e80000)
 ParOldGen       total 81920K, used 43596K [0x00000000c0000000, 0x00000000c5000000, 0x00000000eab00000)
  object space 81920K, 53% used [0x00000000c0000000,0x00000000c2a93108,0x00000000c5000000)
 Metaspace       used 6254K, capacity 7216K, committed 7296K, reserved 1056768K
  class space    used 584K, capacity 616K, committed 640K, reserved 1048576K
}
Event: 18.840 GC heap before
{Heap before GC invocations=11 (full 1):
 PSYoungGen      total 139776K, used 135642K [0x00000000eab00000, 0x00000000f9e80000, 0x0000000100000000)
  eden space 122368K, 100% used [0x00000000eab00000,0x00000000f2280000,0x00000000f2280000)
  from space 17408K, 76% used [0x00000000f2280000,0x00000000f2f76830,0x00000000f3380000)
  to   space 26624K, 0% used [0x00000000f8480000,0x00000000f8480000,0x00000000f9e80000)
 ParOldGen       total 81920K, used 43596K [0x00000000c0000000, 0x00000000c5000000, 0x00000000eab00000)
  object space 81920K, 53% used [0x00000000c0000000,0x00000000c2a93108,0x00000000c5000000)
 Metaspace       used 6305K, capacity 7216K, committed 7296K, reserved 1056768K
  class space    used 584K, capacity 616K, committed 640K, reserved 1048576K
Event: 19.333 GC heap after
Heap after GC invocations=11 (full 1):
 PSYoungGen      total 175616K, used 26426K [0x00000000eab00000, 0x00000000f9e80000, 0x0000000100000000)
  eden space 148992K, 0% used [0x00000000eab00000,0x00000000eab00000,0x00000000f3c80000)
  from space 26624K, 99% used [0x00000000f8480000,0x00000000f9e4eb48,0x00000000f9e80000)
  to   space 30720K, 0% used [0x00000000f6280000,0x00000000f6280000,0x00000000f8080000)
 ParOldGen       total 81920K, used 50217K [0x00000000c0000000, 0x00000000c5000000, 0x00000000eab00000)
  object space 81920K, 61% used [0x00000000c0000000,0x00000000c310a5b8,0x00000000c5000000)
 Metaspace       used 6305K, capacity 7216K, committed 7296K, reserved 1056768K
  class space    used 584K, capacity 616K, committed 640K, reserved 1048576K
}
Event: 23.509 GC heap before
{Heap before GC invocations=12 (full 1):
 PSYoungGen      total 175616K, used 175418K [0x00000000eab00000, 0x00000000f9e80000, 0x0000000100000000)
  eden space 148992K, 100% used [0x00000000eab00000,0x00000000f3c80000,0x00000000f3c80000)
  from space 26624K, 99% used [0x00000000f8480000,0x00000000f9e4eb48,0x00000000f9e80000)
  to   space 30720K, 0% used [0x00000000f6280000,0x00000000f6280000,0x00000000f8080000)
 ParOldGen       total 81920K, used 50217K [0x00000000c0000000, 0x00000000c5000000, 0x00000000eab00000)
  object space 81920K, 61% used [0x00000000c0000000,0x00000000c310a5b8,0x00000000c5000000)
 Metaspace       used 6316K, capacity 7216K, committed 7296K, reserved 1056768K
  class space    used 584K, capacity 616K, committed 640K, reserved 1048576K
Event: 30.630 GC heap after
Heap after GC invocations=12 (full 1):
 PSYoungGen      total 218624K, used 30695K [0x00000000eab00000, 0x00000000fc180000, 0x0000000100000000)
  eden space 187904K, 0% used [0x00000000eab00000,0x00000000eab00000,0x00000000f6280000)
  from space 30720K, 99% used [0x00000000f6280000,0x00000000f8079db8,0x00000000f8080000)
  to   space 42496K, 0% used [0x00000000f9800000,0x00000000f9800000,0x00000000fc180000)
 ParOldGen       total 81920K, used 68496K [0x00000000c0000000, 0x00000000c5000000, 0x00000000eab00000)
  object space 81920K, 83% used [0x00000000c0000000,0x00000000c42e4218,0x00000000c5000000)
 Metaspace       used 6316K, capacity 7216K, committed 7296K, reserved 1056768K
  class space    used 584K, capacity 616K, committed 640K, reserved 1048576K
}
Event: 30.630 GC heap before
{Heap before GC invocations=13 (full 2):
 PSYoungGen      total 218624K, used 30695K [0x00000000eab00000, 0x00000000fc180000, 0x0000000100000000)
  eden space 187904K, 0% used [0x00000000eab00000,0x00000000eab00000,0x00000000f6280000)
  from space 30720K, 99% used [0x00000000f6280000,0x00000000f8079db8,0x00000000f8080000)
  to   space 42496K, 0% used [0x00000000f9800000,0x00000000f9800000,0x00000000fc180000)
 ParOldGen       total 81920K, used 68496K [0x00000000c0000000, 0x00000000c5000000, 0x00000000eab00000)
  object space 81920K, 83% used [0x00000000c0000000,0x00000000c42e4218,0x00000000c5000000)
 Metaspace       used 6316K, capacity 7216K, committed 7296K, reserved 1056768K
  class space    used 584K, capacity 616K, committed 640K, reserved 1048576K

Deoptimization events (10 events):
Event: 11.682 Thread 0x00007f1bc800a000 Uncommon trap: reason=unstable_if action=reinterpret pc=0x00007f1bb93ea258 method=java.util.HashMap.getNode(ILjava/lang/Object;)Ljava/util/HashMap$Node; @ 84
Event: 12.016 Thread 0x00007f1bc813c800 Uncommon trap: reason=bimorphic action=maybe_recompile pc=0x00007f1bb95b5c6c method=com.android.dx.cf.code.BytecodeArray.parseInstruction(ILcom/android/dx/cf/code/BytecodeArray$Visitor;)I @ 1501
Event: 12.016 Thread 0x00007f1bc813c800 Uncommon trap: reason=bimorphic action=maybe_recompile pc=0x00007f1bb95b5c6c method=com.android.dx.cf.code.BytecodeArray.parseInstruction(ILcom/android/dx/cf/code/BytecodeArray$Visitor;)I @ 1501
Event: 17.880 Thread 0x00007f1bc813c800 Uncommon trap: reason=unstable_if action=reinterpret pc=0x00007f1bb947669c method=java.util.HashMap.putVal(ILjava/lang/Object;Ljava/lang/Object;ZZ)Ljava/lang/Object; @ 109
Event: 22.696 Thread 0x00007f1bc8144800 Uncommon trap: reason=unstable_if action=reinterpret pc=0x00007f1bb97025a8 method=com.android.dx.rop.code.LocalItem.compareHandlesNulls(Lcom/android/dx/rop/cst/CstString;Lcom/android/dx/rop/cst/CstString;)I @ 8
Event: 22.697 Thread 0x00007f1bc8144800 Uncommon trap: reason=unstable_if action=reinterpret pc=0x00007f1bb96b47e8 method=com.android.dx.rop.code.LocalItem.compareHandlesNulls(Lcom/android/dx/rop/cst/CstString;Lcom/android/dx/rop/cst/CstString;)I @ 8
Event: 22.698 Thread 0x00007f1bc8144800 Uncommon trap: reason=unstable_if action=reinterpret pc=0x00007f1bb97a8cbc method=com.android.dx.rop.code.LocalItem.compareHandlesNulls(Lcom/android/dx/rop/cst/CstString;Lcom/android/dx/rop/cst/CstString;)I @ 8
Event: 22.911 Thread 0x00007f1bc813c800 Uncommon trap: reason=bimorphic action=maybe_recompile pc=0x00007f1bb9722514 method=com.android.dx.cf.code.BytecodeArray.parseInstruction(ILcom/android/dx/cf/code/BytecodeArray$Visitor;)I @ 1161
Event: 22.911 Thread 0x00007f1bc813c800 Uncommon trap: reason=bimorphic action=maybe_recompile pc=0x00007f1bb9722514 method=com.android.dx.cf.code.BytecodeArray.parseInstruction(ILcom/android/dx/cf/code/BytecodeArray$Visitor;)I @ 1161
Event: 23.189 Thread 0x00007f1bc813c800 Uncommon trap: reason=unstable_if action=reinterpret pc=0x00007f1bb9646a4c method=java.util.HashMap.putVal(ILjava/lang/Object;Ljava/lang/Object;ZZ)Ljava/lang/Object; @ 94

Internal exceptions (9 events):
Event: 0.160 Thread 0x00007f1bc800a000 Exception <a 'java/lang/NoSuchMethodError': Method sun.misc.Unsafe.defineClass(Ljava/lang/String;[BII)Ljava/lang/Class; name or signature does not match> (0x00000000eab07cc0) thrown at [/ssd/Android/AOSP-openjdk/external/jetbrains/jdk/hotspot/src/share/vm
Event: 0.160 Thread 0x00007f1bc800a000 Exception <a 'java/lang/NoSuchMethodError': Method sun.misc.Unsafe.prefetchRead(Ljava/lang/Object;J)V name or signature does not match> (0x00000000eab07fa8) thrown at [/ssd/Android/AOSP-openjdk/external/jetbrains/jdk/hotspot/src/share/vm/prims/jni.cpp, li
Event: 3.971 Thread 0x00007f1bc8146800 Implicit null exception at 0x00007f1bb92b2089 to 0x00007f1bb92b4a2d
Event: 6.237 Thread 0x00007f1bc8144800 Exception <a 'java/lang/ArrayIndexOutOfBoundsException': 18> (0x00000000eb19c460) thrown at [/ssd/Android/AOSP-openjdk/external/jetbrains/jdk/hotspot/src/share/vm/interpreter/interpreterRuntime.cpp, line 366]
Event: 6.238 Thread 0x00007f1bc8144800 Exception <a 'java/lang/ArrayIndexOutOfBoundsException': 145> (0x00000000eb19dfe0) thrown at [/ssd/Android/AOSP-openjdk/external/jetbrains/jdk/hotspot/src/share/vm/interpreter/interpreterRuntime.cpp, line 366]
Event: 6.239 Thread 0x00007f1bc8144800 Exception <a 'java/lang/ArrayIndexOutOfBoundsException': 40> (0x00000000eb19f2c8) thrown at [/ssd/Android/AOSP-openjdk/external/jetbrains/jdk/hotspot/src/share/vm/interpreter/interpreterRuntime.cpp, line 366]
Event: 22.696 Thread 0x00007f1bc8144800 Implicit null exception at 0x00007f1bb96ff111 to 0x00007f1bb970252d
Event: 22.697 Thread 0x00007f1bc8144800 Implicit null exception at 0x00007f1bb96b2cc0 to 0x00007f1bb96b47b9
Event: 22.698 Thread 0x00007f1bc8144800 Implicit null exception at 0x00007f1bb97a621e to 0x00007f1bb97a8c69

Events (10 events):
Event: 23.051 Thread 0x00007f1bc8143000 DEOPT PACKING pc=0x00007f1bb935b8eb sp=0x00007f1b8bbf9f20
Event: 23.051 Thread 0x00007f1bc8143000 DEOPT UNPACKING pc=0x00007f1bb9047373 sp=0x00007f1b8bbf9c78 mode 0
Event: 23.110 Thread 0x00007f1bc800a000 DEOPT PACKING pc=0x00007f1bb935646c sp=0x00007f1bceee88e0
Event: 23.110 Thread 0x00007f1bc800a000 DEOPT UNPACKING pc=0x00007f1bb9047373 sp=0x00007f1bceee85e0 mode 0
Event: 23.189 Thread 0x00007f1bc813c800 Uncommon trap: trap_request=0xffffff65 fr.pc=0x00007f1bb9646a4c
Event: 23.189 Thread 0x00007f1bc813c800 DEOPT PACKING pc=0x00007f1bb9646a4c sp=0x00007f1b8bdfbe90
Event: 23.189 Thread 0x00007f1bc813c800 DEOPT UNPACKING pc=0x00007f1bb9004f69 sp=0x00007f1b8bdfbe40 mode 2
Event: 23.497 Thread 0x00007f1bc800a000 DEOPT PACKING pc=0x00007f1bb935646c sp=0x00007f1bceee89e0
Event: 23.497 Thread 0x00007f1bc800a000 DEOPT UNPACKING pc=0x00007f1bb9047373 sp=0x00007f1bceee86e0 mode 0
Event: 23.503 Executing VM operation: ParallelGCFailedAllocation


Dynamic libraries:
00400000-00401000 r-xp 00000000 08:06 3820527                            /home/luisbar/Programs/android-studio/jre/bin/java
00600000-00601000 r--p 00000000 08:06 3820527                            /home/luisbar/Programs/android-studio/jre/bin/java
00601000-00602000 rw-p 00001000 08:06 3820527                            /home/luisbar/Programs/android-studio/jre/bin/java
02098000-020b9000 rw-p 00000000 00:00 0                                  [heap]
c0000000-c5000000 rw-p 00000000 00:00 0 
c8900000-eab00000 ---p 00000000 00:00 0 
eab00000-fc180000 rw-p 00000000 00:00 0 
fc180000-100000000 ---p 00000000 00:00 0 
100000000-1000a0000 rw-p 00000000 00:00 0 
1000a0000-140000000 ---p 00000000 00:00 0 
7f1b68000000-7f1b68021000 rw-p 00000000 00:00 0 
7f1b68021000-7f1b6c000000 ---p 00000000 00:00 0 
7f1b6c000000-7f1b6c037000 rw-p 00000000 00:00 0 
7f1b6c037000-7f1b70000000 ---p 00000000 00:00 0 
7f1b70000000-7f1b70021000 rw-p 00000000 00:00 0 
7f1b70021000-7f1b74000000 ---p 00000000 00:00 0 
7f1b74000000-7f1b74026000 rw-p 00000000 00:00 0 
7f1b74026000-7f1b78000000 ---p 00000000 00:00 0 
7f1b78000000-7f1b78021000 rw-p 00000000 00:00 0 
7f1b78021000-7f1b7c000000 ---p 00000000 00:00 0 
7f1b7c000000-7f1b7c02e000 rw-p 00000000 00:00 0 
7f1b7c02e000-7f1b80000000 ---p 00000000 00:00 0 
7f1b80000000-7f1b80021000 rw-p 00000000 00:00 0 
7f1b80021000-7f1b84000000 ---p 00000000 00:00 0 
7f1b84000000-7f1b84898000 rw-p 00000000 00:00 0 
7f1b84898000-7f1b88000000 ---p 00000000 00:00 0 
7f1b8b8f9000-7f1b8b8fc000 ---p 00000000 00:00 0 
7f1b8b8fc000-7f1b8b9fa000 rw-p 00000000 00:00 0                          [stack:357]
7f1b8b9fa000-7f1b8b9fd000 ---p 00000000 00:00 0 
7f1b8b9fd000-7f1b8bafb000 rw-p 00000000 00:00 0                          [stack:355]
7f1b8bafb000-7f1b8bafe000 ---p 00000000 00:00 0 
7f1b8bafe000-7f1b8bbfc000 rw-p 00000000 00:00 0                          [stack:354]
7f1b8bbfc000-7f1b8bbff000 ---p 00000000 00:00 0 
7f1b8bbff000-7f1b8bcfd000 rw-p 00000000 00:00 0                          [stack:351]
7f1b8bcfd000-7f1b8bd00000 ---p 00000000 00:00 0 
7f1b8bd00000-7f1b8bdfe000 rw-p 00000000 00:00 0                          [stack:350]
7f1b8bdfe000-7f1b8bdff000 ---p 00000000 00:00 0 
7f1b8bdff000-7f1b8beff000 rw-p 00000000 00:00 0                          [stack:322]
7f1b8beff000-7f1b8bf02000 ---p 00000000 00:00 0 
7f1b8bf02000-7f1b8c000000 rw-p 00000000 00:00 0                          [stack:321]
7f1b8c000000-7f1b8cfe4000 rw-p 00000000 00:00 0 
7f1b8cfe4000-7f1b90000000 ---p 00000000 00:00 0 
7f1b90000000-7f1b90a53000 rw-p 00000000 00:00 0 
7f1b90a53000-7f1b94000000 ---p 00000000 00:00 0 
7f1b94000000-7f1b94021000 rw-p 00000000 00:00 0 
7f1b94021000-7f1b98000000 ---p 00000000 00:00 0 
7f1b98000000-7f1b98021000 rw-p 00000000 00:00 0 
7f1b98021000-7f1b9c000000 ---p 00000000 00:00 0 
7f1b9c000000-7f1b9c28d000 rw-p 00000000 00:00 0 
7f1b9c28d000-7f1ba0000000 ---p 00000000 00:00 0 
7f1ba0000000-7f1ba0021000 rw-p 00000000 00:00 0 
7f1ba0021000-7f1ba4000000 ---p 00000000 00:00 0 
7f1ba4000000-7f1ba4021000 rw-p 00000000 00:00 0 
7f1ba4021000-7f1ba8000000 ---p 00000000 00:00 0 
7f1ba8000000-7f1ba8021000 rw-p 00000000 00:00 0 
7f1ba8021000-7f1bac000000 ---p 00000000 00:00 0 
7f1bac000000-7f1bac021000 rw-p 00000000 00:00 0 
7f1bac021000-7f1bb0000000 ---p 00000000 00:00 0 
7f1bb009d000-7f1bb00c8000 r--s 001fc000 08:06 2651775                    /home/luisbar/Programs/android-studio/gradle/m2repository/com/google/guava/guava/18.0/guava-18.0.jar
7f1bb00c8000-7f1bb00cb000 ---p 00000000 00:00 0 
7f1bb00cb000-7f1bb01c9000 rw-p 00000000 00:00 0                          [stack:319]
7f1bb01c9000-7f1bb01cc000 ---p 00000000 00:00 0 
7f1bb01cc000-7f1bb02ca000 rw-p 00000000 00:00 0                          [stack:317]
7f1bb02ca000-7f1bb02cd000 ---p 00000000 00:00 0 
7f1bb02cd000-7f1bb03cb000 rw-p 00000000 00:00 0                          [stack:316]
7f1bb03cb000-7f1bb03ce000 ---p 00000000 00:00 0 
7f1bb03ce000-7f1bb04cc000 rw-p 00000000 00:00 0                          [stack:315]
7f1bb04cc000-7f1bb051a000 r--p 00000000 08:15 566484                     /usr/lib/locale/aa_DJ.utf8/LC_CTYPE
7f1bb051a000-7f1bb064a000 r--p 00000000 08:15 566482                     /usr/lib/locale/aa_DJ.utf8/LC_COLLATE
7f1bb064a000-7f1bb064d000 ---p 00000000 00:00 0 
7f1bb064d000-7f1bb074b000 rw-p 00000000 00:00 0                          [stack:311]
7f1bb074b000-7f1bb074e000 ---p 00000000 00:00 0 
7f1bb074e000-7f1bb084c000 rw-p 00000000 00:00 0                          [stack:308]
7f1bb084c000-7f1bb084d000 ---p 00000000 00:00 0 
7f1bb084d000-7f1bb1e80000 rw-p 00000000 00:00 0                          [stack:304]
7f1bb1e80000-7f1bb2000000 ---p 00000000 00:00 0 
7f1bb2000000-7f1bb4000000 rw-p 00000000 00:00 0 
7f1bb4000000-7f1bb4021000 rw-p 00000000 00:00 0 
7f1bb4021000-7f1bb8000000 ---p 00000000 00:00 0 
7f1bb8008000-7f1bb8017000 r--s 000df000 08:06 2902684                    /home/luisbar/android-sdk-linux/build-tools/23.0.0/lib/dx.jar
7f1bb8017000-7f1bb8118000 rw-p 00000000 00:00 0 
7f1bb8118000-7f1bb82e5000 r--s 03bec000 08:06 4071217                    /home/luisbar/Programs/android-studio/jre/jre/lib/rt.jar
7f1bb82e5000-7f1bb84e5000 rw-p 00000000 00:00 0 
7f1bb84e5000-7f1bb84e6000 ---p 00000000 00:00 0 
7f1bb84e6000-7f1bb85e6000 rw-p 00000000 00:00 0                          [stack:32766]
7f1bb85e6000-7f1bb85e7000 ---p 00000000 00:00 0 
7f1bb85e7000-7f1bb86e7000 rw-p 00000000 00:00 0                          [stack:32765]
7f1bb86e7000-7f1bb86e8000 ---p 00000000 00:00 0 
7f1bb86e8000-7f1bb87e8000 rw-p 00000000 00:00 0                          [stack:32764]
7f1bb87e8000-7f1bb87e9000 ---p 00000000 00:00 0 
7f1bb87e9000-7f1bb8911000 rw-p 00000000 00:00 0                          [stack:32763]
7f1bb8911000-7f1bb8a3f000 ---p 00000000 00:00 0 
7f1bb8a3f000-7f1bb8a67000 rw-p 00000000 00:00 0 
7f1bb8a67000-7f1bb8b94000 ---p 00000000 00:00 0 
7f1bb8b94000-7f1bb8c20000 rw-p 00000000 00:00 0 
7f1bb8c20000-7f1bb8c3f000 ---p 00000000 00:00 0 
7f1bb8c3f000-7f1bb8c61000 rw-p 00000000 00:00 0 
7f1bb8c61000-7f1bb9000000 ---p 00000000 00:00 0 
7f1bb9000000-7f1bb9820000 rwxp 00000000 00:00 0 
7f1bb9820000-7f1bc8000000 ---p 00000000 00:00 0 
7f1bc8000000-7f1bc8386000 rw-p 00000000 00:00 0 
7f1bc8386000-7f1bcc000000 ---p 00000000 00:00 0 
7f1bcc006000-7f1bcc007000 r--p 00000000 08:15 566521                     /usr/lib/locale/aa_ET/LC_NUMERIC
7f1bcc007000-7f1bcc008000 r--p 00000000 08:15 807488                     /usr/lib/locale/en_US.utf8/LC_TIME
7f1bcc008000-7f1bcc009000 r--p 00000000 08:15 807222                     /usr/lib/locale/en_US.utf8/LC_MONETARY
7f1bcc009000-7f1bcc00a000 r--p 00000000 08:15 807220                     /usr/lib/locale/en_US.utf8/LC_MESSAGES/SYS_LC_MESSAGES
7f1bcc00a000-7f1bcc00b000 r--p 00000000 08:15 676470                     /usr/lib/locale/en_AG/LC_PAPER
7f1bcc00b000-7f1bcc00c000 r--p 00000000 08:15 676286                     /usr/lib/locale/cy_GB.utf8/LC_NAME
7f1bcc00c000-7f1bcc00d000 r--p 00000000 08:15 807216                     /usr/lib/locale/en_US.utf8/LC_ADDRESS
7f1bcc00d000-7f1bcc083000 rw-p 00000000 00:00 0 
7f1bcc083000-7f1bcc09d000 r-xp 00000000 08:06 5122721                    /home/luisbar/Programs/android-studio/jre/jre/lib/amd64/libzip.so
7f1bcc09d000-7f1bcc29d000 ---p 0001a000 08:06 5122721                    /home/luisbar/Programs/android-studio/jre/jre/lib/amd64/libzip.so
7f1bcc29d000-7f1bcc29e000 r--p 0001a000 08:06 5122721                    /home/luisbar/Programs/android-studio/jre/jre/lib/amd64/libzip.so
7f1bcc29e000-7f1bcc29f000 rw-p 0001b000 08:06 5122721                    /home/luisbar/Programs/android-studio/jre/jre/lib/amd64/libzip.so
7f1bcc29f000-7f1bcc2aa000 r-xp 00000000 08:01 3802977                    /lib/x86_64-linux-gnu/libnss_files-2.23.so
7f1bcc2aa000-7f1bcc4a9000 ---p 0000b000 08:01 3802977                    /lib/x86_64-linux-gnu/libnss_files-2.23.so
7f1bcc4a9000-7f1bcc4aa000 r--p 0000a000 08:01 3802977                    /lib/x86_64-linux-gnu/libnss_files-2.23.so
7f1bcc4aa000-7f1bcc4ab000 rw-p 0000b000 08:01 3802977                    /lib/x86_64-linux-gnu/libnss_files-2.23.so
7f1bcc4ab000-7f1bcc4b1000 rw-p 00000000 00:00 0 
7f1bcc4b1000-7f1bcc4bc000 r-xp 00000000 08:01 3802979                    /lib/x86_64-linux-gnu/libnss_nis-2.23.so
7f1bcc4bc000-7f1bcc6bb000 ---p 0000b000 08:01 3802979                    /lib/x86_64-linux-gnu/libnss_nis-2.23.so
7f1bcc6bb000-7f1bcc6bc000 r--p 0000a000 08:01 3802979                    /lib/x86_64-linux-gnu/libnss_nis-2.23.so
7f1bcc6bc000-7f1bcc6bd000 rw-p 0000b000 08:01 3802979                    /lib/x86_64-linux-gnu/libnss_nis-2.23.so
7f1bcc6bd000-7f1bcc6d2000 r-xp 00000000 08:01 3802974                    /lib/x86_64-linux-gnu/libnsl-2.23.so
7f1bcc6d2000-7f1bcc8d1000 ---p 00015000 08:01 3802974                    /lib/x86_64-linux-gnu/libnsl-2.23.so
7f1bcc8d1000-7f1bcc8d2000 r--p 00014000 08:01 3802974                    /lib/x86_64-linux-gnu/libnsl-2.23.so
7f1bcc8d2000-7f1bcc8d3000 rw-p 00015000 08:01 3802974                    /lib/x86_64-linux-gnu/libnsl-2.23.so
7f1bcc8d3000-7f1bcc8d5000 rw-p 00000000 00:00 0 
7f1bcc8d5000-7f1bcc8dc000 r-xp 00000000 08:01 3802975                    /lib/x86_64-linux-gnu/libnss_compat-2.23.so
7f1bcc8dc000-7f1bccadb000 ---p 00007000 08:01 3802975                    /lib/x86_64-linux-gnu/libnss_compat-2.23.so
7f1bccadb000-7f1bccadc000 r--p 00006000 08:01 3802975                    /lib/x86_64-linux-gnu/libnss_compat-2.23.so
7f1bccadc000-7f1bccadd000 rw-p 00007000 08:01 3802975                    /lib/x86_64-linux-gnu/libnss_compat-2.23.so
7f1bccadd000-7f1bccb0a000 r-xp 00000000 08:06 5122731                    /home/luisbar/Programs/android-studio/jre/jre/lib/amd64/libjava.so
7f1bccb0a000-7f1bccd09000 ---p 0002d000 08:06 5122731                    /home/luisbar/Programs/android-studio/jre/jre/lib/amd64/libjava.so
7f1bccd09000-7f1bccd0a000 r--p 0002c000 08:06 5122731                    /home/luisbar/Programs/android-studio/jre/jre/lib/amd64/libjava.so
7f1bccd0a000-7f1bccd0c000 rw-p 0002d000 08:06 5122731                    /home/luisbar/Programs/android-studio/jre/jre/lib/amd64/libjava.so
7f1bccd0c000-7f1bccd1c000 r-xp 00000000 08:06 5122747                    /home/luisbar/Programs/android-studio/jre/jre/lib/amd64/libverify.so
7f1bccd1c000-7f1bccf1b000 ---p 00010000 08:06 5122747                    /home/luisbar/Programs/android-studio/jre/jre/lib/amd64/libverify.so
7f1bccf1b000-7f1bccf1d000 r--p 0000f000 08:06 5122747                    /home/luisbar/Programs/android-studio/jre/jre/lib/amd64/libverify.so
7f1bccf1d000-7f1bccf1e000 rw-p 00011000 08:06 5122747                    /home/luisbar/Programs/android-studio/jre/jre/lib/amd64/libverify.so
7f1bccf1e000-7f1bccf25000 r-xp 00000000 08:01 3802984                    /lib/x86_64-linux-gnu/librt-2.23.so
7f1bccf25000-7f1bcd124000 ---p 00007000 08:01 3802984                    /lib/x86_64-linux-gnu/librt-2.23.so
7f1bcd124000-7f1bcd125000 r--p 00006000 08:01 3802984                    /lib/x86_64-linux-gnu/librt-2.23.so
7f1bcd125000-7f1bcd126000 rw-p 00007000 08:01 3802984                    /lib/x86_64-linux-gnu/librt-2.23.so
7f1bcd126000-7f1bcd22a000 r-xp 00000000 08:01 3802971                    /lib/x86_64-linux-gnu/libm-2.23.so
7f1bcd22a000-7f1bcd429000 ---p 00104000 08:01 3802971                    /lib/x86_64-linux-gnu/libm-2.23.so
7f1bcd429000-7f1bcd42a000 r--p 00103000 08:01 3802971                    /lib/x86_64-linux-gnu/libm-2.23.so
7f1bcd42a000-7f1bcd42b000 rw-p 00104000 08:01 3802971                    /lib/x86_64-linux-gnu/libm-2.23.so
7f1bcd42b000-7f1bce011000 r-xp 00000000 08:06 5776002                    /home/luisbar/Programs/android-studio/jre/jre/lib/amd64/server/libjvm.so
7f1bce011000-7f1bce211000 ---p 00be6000 08:06 5776002                    /home/luisbar/Programs/android-studio/jre/jre/lib/amd64/server/libjvm.so
7f1bce211000-7f1bce2b0000 r--p 00be6000 08:06 5776002                    /home/luisbar/Programs/android-studio/jre/jre/lib/amd64/server/libjvm.so
7f1bce2b0000-7f1bce2d9000 rw-p 00c85000 08:06 5776002                    /home/luisbar/Programs/android-studio/jre/jre/lib/amd64/server/libjvm.so
7f1bce2d9000-7f1bce31b000 rw-p 00000000 00:00 0 
7f1bce31b000-7f1bce333000 r-xp 00000000 08:01 3802982                    /lib/x86_64-linux-gnu/libpthread-2.23.so
7f1bce333000-7f1bce532000 ---p 00018000 08:01 3802982                    /lib/x86_64-linux-gnu/libpthread-2.23.so
7f1bce532000-7f1bce533000 r--p 00017000 08:01 3802982                    /lib/x86_64-linux-gnu/libpthread-2.23.so
7f1bce533000-7f1bce534000 rw-p 00018000 08:01 3802982                    /lib/x86_64-linux-gnu/libpthread-2.23.so
7f1bce534000-7f1bce538000 rw-p 00000000 00:00 0 
7f1bce538000-7f1bce53a000 r-xp 00000000 08:01 3802970                    /lib/x86_64-linux-gnu/libdl-2.23.so
7f1bce53a000-7f1bce73a000 ---p 00002000 08:01 3802970                    /lib/x86_64-linux-gnu/libdl-2.23.so
7f1bce73a000-7f1bce73b000 r--p 00002000 08:01 3802970                    /lib/x86_64-linux-gnu/libdl-2.23.so
7f1bce73b000-7f1bce73c000 rw-p 00003000 08:01 3802970                    /lib/x86_64-linux-gnu/libdl-2.23.so
7f1bce73c000-7f1bce8d3000 r-xp 00000000 08:01 3802967                    /lib/x86_64-linux-gnu/libc-2.23.so
7f1bce8d3000-7f1bcead3000 ---p 00197000 08:01 3802967                    /lib/x86_64-linux-gnu/libc-2.23.so
7f1bcead3000-7f1bcead7000 r--p 00197000 08:01 3802967                    /lib/x86_64-linux-gnu/libc-2.23.so
7f1bcead7000-7f1bcead9000 rw-p 0019b000 08:01 3802967                    /lib/x86_64-linux-gnu/libc-2.23.so
7f1bcead9000-7f1bceadd000 rw-p 00000000 00:00 0 
7f1bceadd000-7f1bceaf3000 r-xp 00000000 08:06 3677758                    /home/luisbar/Programs/android-studio/jre/lib/amd64/jli/libjli.so
7f1bceaf3000-7f1bcecf2000 ---p 00016000 08:06 3677758                    /home/luisbar/Programs/android-studio/jre/lib/amd64/jli/libjli.so
7f1bcecf2000-7f1bcecf3000 r--p 00015000 08:06 3677758                    /home/luisbar/Programs/android-studio/jre/lib/amd64/jli/libjli.so
7f1bcecf3000-7f1bcecf4000 rw-p 00016000 08:06 3677758                    /home/luisbar/Programs/android-studio/jre/lib/amd64/jli/libjli.so
7f1bcecf4000-7f1bced18000 r-xp 00000000 08:01 3802963                    /lib/x86_64-linux-gnu/ld-2.23.so
7f1bced18000-7f1bced19000 r--p 00000000 08:15 807223                     /usr/lib/locale/en_US.utf8/LC_TELEPHONE
7f1bced19000-7f1bced1a000 r--p 00000000 08:15 807218                     /usr/lib/locale/en_US.utf8/LC_MEASUREMENT
7f1bced1a000-7f1bcedea000 rw-p 00000000 00:00 0 
7f1bcedea000-7f1bceded000 ---p 00000000 00:00 0 
7f1bceded000-7f1bceeef000 rw-p 00000000 00:00 0                          [stack:32760]
7f1bceeef000-7f1bceef6000 r--s 00000000 08:15 399663                     /usr/lib/x86_64-linux-gnu/gconv/gconv-modules.cache
7f1bceef6000-7f1bceef7000 r--p 00000000 08:15 807217                     /usr/lib/locale/en_US.utf8/LC_IDENTIFICATION
7f1bceef7000-7f1bcef0b000 rw-p 00000000 00:00 0 
7f1bcef0b000-7f1bcef13000 rw-s 00000000 08:01 131158                     /tmp/hsperfdata_luisbar/32758
7f1bcef13000-7f1bcef14000 rw-p 00000000 00:00 0 
7f1bcef14000-7f1bcef15000 ---p 00000000 00:00 0 
7f1bcef15000-7f1bcef17000 rw-p 00000000 00:00 0 
7f1bcef17000-7f1bcef18000 r--p 00023000 08:01 3802963                    /lib/x86_64-linux-gnu/ld-2.23.so
7f1bcef18000-7f1bcef19000 rw-p 00024000 08:01 3802963                    /lib/x86_64-linux-gnu/ld-2.23.so
7f1bcef19000-7f1bcef1a000 rw-p 00000000 00:00 0 
7ffc43fb7000-7ffc43fd8000 rw-p 00000000 00:00 0                          [stack]
7ffc43ff2000-7ffc43ff4000 r--p 00000000 00:00 0                          [vvar]
7ffc43ff4000-7ffc43ff6000 r-xp 00000000 00:00 0                          [vdso]
ffffffffff600000-ffffffffff601000 r-xp 00000000 00:00 0                  [vsyscall]

VM Arguments:
jvm_args: -Djava.awt.headless=true -Xmx1024M -Dfile.encoding=UTF-8 -Duser.country=US -Duser.language=en -Duser.variant 
java_command: com.android.dx.command.Main --dex --force-jumbo --num-threads=4 --output /home/luisbar/Projects/android/WaterDelivery/app/build/intermediates/pre-dexed/debug/guava-18.0_f497cb146cdca4467c784aaafa918adc01da0ba0.jar /home/luisbar/Programs/android-studio/gradle/m2repository/com/google/guava/guava/18.0/guava-18.0.jar
java_class_path (initial): /home/luisbar/android-sdk-linux/build-tools/23.0.0/lib/dx.jar
Launcher Type: SUN_STANDARD

Environment Variables:
PATH=/home/luisbar/.nvm/versions/node/v6.2.2/bin:/usr/local/bin:/usr/bin:/bin:/usr/local/games:/usr/games:/opt/jdk1.8.0_111{}:/home/luisbar/android-sdk-linux/tools:/home/luisbar/android-sdk-linux/platform-tools
USERNAME=luisbar
LD_LIBRARY_PATH=./Programs/android-studio/bin:
SHELL=/bin/bash
DISPLAY=:0

Signal Handlers:
SIGSEGV: [libjvm.so+0x9daac0], sa_mask[0]=11111111011111111101111111111110, sa_flags=SA_RESTART|SA_SIGINFO
SIGBUS: [libjvm.so+0x9daac0], sa_mask[0]=11111111011111111101111111111110, sa_flags=SA_RESTART|SA_SIGINFO
SIGFPE: [libjvm.so+0x840d90], sa_mask[0]=11111111011111111101111111111110, sa_flags=SA_RESTART|SA_SIGINFO
SIGPIPE: [libjvm.so+0x840d90], sa_mask[0]=11111111011111111101111111111110, sa_flags=SA_RESTART|SA_SIGINFO
SIGXFSZ: [libjvm.so+0x840d90], sa_mask[0]=11111111011111111101111111111110, sa_flags=SA_RESTART|SA_SIGINFO
SIGILL: [libjvm.so+0x840d90], sa_mask[0]=11111111011111111101111111111110, sa_flags=SA_RESTART|SA_SIGINFO
SIGUSR1: SIG_DFL, sa_mask[0]=00000000000000000000000000000000, sa_flags=none
SIGUSR2: [libjvm.so+0x840c60], sa_mask[0]=00100000000000000000000000000000, sa_flags=SA_RESTART|SA_SIGINFO
SIGHUP: [libjvm.so+0x840e50], sa_mask[0]=11111111011111111101111111111110, sa_flags=SA_RESTART|SA_SIGINFO
SIGINT: [libjvm.so+0x840e50], sa_mask[0]=11111111011111111101111111111110, sa_flags=SA_RESTART|SA_SIGINFO
SIGTERM: [libjvm.so+0x840e50], sa_mask[0]=11111111011111111101111111111110, sa_flags=SA_RESTART|SA_SIGINFO
SIGQUIT: [libjvm.so+0x840e50], sa_mask[0]=11111111011111111101111111111110, sa_flags=SA_RESTART|SA_SIGINFO


---------------  S Y S T E M  ---------------

OS:DISTRIB_ID=Kali
DISTRIB_RELEASE=kali-rolling
DISTRIB_CODENAME=kali-rolling
DISTRIB_DESCRIPTION="Kali GNU/Linux Rolling"

uname:Linux 4.3.0-kali1-amd64 #1 SMP Debian 4.3.3-5kali4 (2016-01-13) x86_64
libc:glibc 2.23 NPTL 2.23 
rlimit: STACK 8192k, CORE 0k, NPROC 15293, NOFILE 65536, AS infinity
load average:33.47 14.61 6.46

/proc/meminfo:
MemTotal:        3942084 kB
MemFree:          123976 kB
MemAvailable:     227448 kB
Buffers:            2300 kB
Cached:           286508 kB
SwapCached:        11028 kB
Active:          2814032 kB
Inactive:         820660 kB
Active(anon):    2799752 kB
Inactive(anon):   743396 kB
Active(file):      14280 kB
Inactive(file):    77264 kB
Unevictable:          32 kB
Mlocked:              32 kB
SwapTotal:       1951740 kB
SwapFree:         110152 kB
Dirty:                60 kB
Writeback:          2372 kB
AnonPages:       3334880 kB
Mapped:           158888 kB
Shmem:            197176 kB
Slab:              84200 kB
SReclaimable:      41268 kB
SUnreclaim:        42932 kB
KernelStack:       12080 kB
PageTables:        48048 kB
NFS_Unstable:          0 kB
Bounce:                0 kB
WritebackTmp:          0 kB
CommitLimit:     3922780 kB
Committed_AS:   11222012 kB
VmallocTotal:   34359738367 kB
VmallocUsed:      348048 kB
VmallocChunk:   34358947836 kB
HardwareCorrupted:     0 kB
AnonHugePages:         0 kB
HugePages_Total:       0
HugePages_Free:        0
HugePages_Rsvd:        0
HugePages_Surp:        0
Hugepagesize:       2048 kB
DirectMap4k:      189056 kB
DirectMap2M:     3897344 kB


CPU:total 4 (2 cores per cpu, 2 threads per core) family 6 model 42 stepping 7, cmov, cx8, fxsr, mmx, sse, sse2, sse3, ssse3, sse4.1, sse4.2, popcnt, avx, aes, clmul, ht, tsc, tscinvbit

/proc/cpuinfo:
processor	: 0
vendor_id	: GenuineIntel
cpu family	: 6
model		: 42
model name	: Intel(R) Core(TM) i5-2467M CPU @ 1.60GHz
stepping	: 7
microcode	: 0x29
cpu MHz		: 800.000
cache size	: 3072 KB
physical id	: 0
siblings	: 4
core id		: 0
cpu cores	: 2
apicid		: 0
initial apicid	: 0
fpu		: yes
fpu_exception	: yes
cpuid level	: 13
wp		: yes
flags		: fpu vme de pse tsc msr pae mce cx8 apic sep mtrr pge mca cmov pat pse36 clflush dts acpi mmx fxsr sse sse2 ss ht tm pbe syscall nx rdtscp lm constant_tsc arch_perfmon pebs bts nopl xtopology nonstop_tsc aperfmperf eagerfpu pni pclmulqdq dtes64 monitor ds_cpl vmx est tm2 ssse3 cx16 xtpr pdcm pcid sse4_1 sse4_2 x2apic popcnt tsc_deadline_timer aes xsave avx lahf_lm ida arat epb pln pts dtherm tpr_shadow vnmi flexpriority ept vpid xsaveopt
bugs		:
bogomips	: 3192.72
clflush size	: 64
cache_alignment	: 64
address sizes	: 36 bits physical, 48 bits virtual
power management:

processor	: 1
vendor_id	: GenuineIntel
cpu family	: 6
model		: 42
model name	: Intel(R) Core(TM) i5-2467M CPU @ 1.60GHz
stepping	: 7
microcode	: 0x29
cpu MHz		: 865.625
cache size	: 3072 KB
physical id	: 0
siblings	: 4
core id		: 0
cpu cores	: 2
apicid		: 1
initial apicid	: 1
fpu		: yes
fpu_exception	: yes
cpuid level	: 13
wp		: yes
flags		: fpu vme de pse tsc msr pae mce cx8 apic sep mtrr pge mca cmov pat pse36 clflush dts acpi mmx fxsr sse sse2 ss ht tm pbe syscall nx rdtscp lm constant_tsc arch_perfmon pebs bts nopl xtopology nonstop_tsc aperfmperf eagerfpu pni pclmulqdq dtes64 monitor ds_cpl vmx est tm2 ssse3 cx16 xtpr pdcm pcid sse4_1 sse4_2 x2apic popcnt tsc_deadline_timer aes xsave avx lahf_lm ida arat epb pln pts dtherm tpr_shadow vnmi flexpriority ept vpid xsaveopt
bugs		:
bogomips	: 3192.72
clflush size	: 64
cache_alignment	: 64
address sizes	: 36 bits physical, 48 bits virtual
power management:

processor	: 2
vendor_id	: GenuineIntel
cpu family	: 6
model		: 42
model name	: Intel(R) Core(TM) i5-2467M CPU @ 1.60GHz
stepping	: 7
microcode	: 0x29
cpu MHz		: 836.625
cache size	: 3072 KB
physical id	: 0
siblings	: 4
core id		: 1
cpu cores	: 2
apicid		: 2
initial apicid	: 2
fpu		: yes
fpu_exception	: yes
cpuid level	: 13
wp		: yes
flags		: fpu vme de pse tsc msr pae mce cx8 apic sep mtrr pge mca cmov pat pse36 clflush dts acpi mmx fxsr sse sse2 ss ht tm pbe syscall nx rdtscp lm constant_tsc arch_perfmon pebs bts nopl xtopology nonstop_tsc aperfmperf eagerfpu pni pclmulqdq dtes64 monitor ds_cpl vmx est tm2 ssse3 cx16 xtpr pdcm pcid sse4_1 sse4_2 x2apic popcnt tsc_deadline_timer aes xsave avx lahf_lm ida arat epb pln pts dtherm tpr_shadow vnmi flexpriority ept vpid xsaveopt
bugs		:
bogomips	: 3192.72
clflush size	: 64
cache_alignment	: 64
address sizes	: 36 bits physical, 48 bits virtual
power management:

processor	: 3
vendor_id	: GenuineIntel
cpu family	: 6
model		: 42
model name	: Intel(R) Core(TM) i5-2467M CPU @ 1.60GHz
stepping	: 7
microcode	: 0x29
cpu MHz		: 801.875
cache size	: 3072 KB
physical id	: 0
siblings	: 4
core id		: 1
cpu cores	: 2
apicid		: 3
initial apicid	: 3
fpu		: yes
fpu_exception	: yes
cpuid level	: 13
wp		: yes
flags		: fpu vme de pse tsc msr pae mce cx8 apic sep mtrr pge mca cmov pat pse36 clflush dts acpi mmx fxsr sse sse2 ss ht tm pbe syscall nx rdtscp lm constant_tsc arch_perfmon pebs bts nopl xtopology nonstop_tsc aperfmperf eagerfpu pni pclmulqdq dtes64 monitor ds_cpl vmx est tm2 ssse3 cx16 xtpr pdcm pcid sse4_1 sse4_2 x2apic popcnt tsc_deadline_timer aes xsave avx lahf_lm ida arat epb pln pts dtherm tpr_shadow vnmi flexpriority ept vpid xsaveopt
bugs		:
bogomips	: 3192.72
clflush size	: 64
cache_alignment	: 64
address sizes	: 36 bits physical, 48 bits virtual
power management:



Memory: 4k page, physical 3942084k(123976k free), swap 1951740k(110152k free)

vm_info: OpenJDK 64-Bit Server VM (25.76-b03) for linux-amd64 JRE (1.8.0_76-release-b03), built on Jun 29 2016 09:39:19 by "builder" with gcc 4.8.4

time: Mon Jan 30 19:02:15 2017
elapsed time: 94 seconds (0d 0h 1m 34s)

